<testsuites id="" name="" tests="215" failures="134" skipped="36" errors="0" time="193.357573">
<testsuite name="checkout.spec.ts" timestamp="2025-06-24T20:04:12.411Z" hostname="chromium" tests="7" failures="4" skipped="0" time="96.688" errors="0">
<testcase name="Checkout Flow › should load checkout page successfully" classname="checkout.spec.ts" time="16.358">
<failure message="checkout.spec.ts:30:7 should load checkout page successfully" type="FAILURE">
<![CDATA[  [chromium] › checkout.spec.ts:30:7 › Checkout Flow › should load checkout page successfully ──────

    Error: Timed out 10000ms waiting for expect(locator).toHaveURL(expected)

    Locator: locator(':root')
    Expected pattern: /.*checkout/
    Received string:  "http://localhost:3000/menu"
    Call log:
      - Expect "toHaveURL" with timeout 10000ms
      - waiting for locator(':root')
        14 × locator resolved to <html lang="en">…</html>
           - unexpected value "http://localhost:3000/menu"


      29 |
      30 |   test('should load checkout page successfully', async ({ page }) => {
    > 31 |     await expect(page).toHaveURL(/.*checkout/);
         |                        ^
      32 |     
      33 |     // Check for delivery details form
      34 |     await expect(page.locator('text=Delivery, text=Details, text=Information')).toBeVisible();
        at /Users/I590496/work/olufemi2/tk-afro-kitchen/tests/e2e/checkout.spec.ts:31:24

    attachment #1: screenshot (image/png) ──────────────────────────────────────────────────────────
    test-results/checkout-Checkout-Flow-sho-2e907--checkout-page-successfully-chromium/test-failed-1.png
    ────────────────────────────────────────────────────────────────────────────────────────────────

    attachment #2: video (video/webm) ──────────────────────────────────────────────────────────────
    test-results/checkout-Checkout-Flow-sho-2e907--checkout-page-successfully-chromium/video.webm
    ────────────────────────────────────────────────────────────────────────────────────────────────

    Error Context: ../../test-results/checkout-Checkout-Flow-sho-2e907--checkout-page-successfully-chromium/error-context.md
]]>
</failure>
<system-out>
<![CDATA[
[[ATTACHMENT|checkout-Checkout-Flow-sho-2e907--checkout-page-successfully-chromium/test-failed-1.png]]

[[ATTACHMENT|checkout-Checkout-Flow-sho-2e907--checkout-page-successfully-chromium/video.webm]]

[[ATTACHMENT|checkout-Checkout-Flow-sho-2e907--checkout-page-successfully-chromium/error-context.md]]
]]>
</system-out>
</testcase>
<testcase name="Checkout Flow › should validate required delivery details" classname="checkout.spec.ts" time="6.629">
</testcase>
<testcase name="Checkout Flow › should fill delivery details and proceed to payment" classname="checkout.spec.ts" time="6.449">
</testcase>
<testcase name="Checkout Flow › should show payment options" classname="checkout.spec.ts" time="30.127">
<failure message="checkout.spec.ts:93:7 should show payment options" type="FAILURE">
<![CDATA[  [chromium] › checkout.spec.ts:93:7 › Checkout Flow › should show payment options ─────────────────

    Test timeout of 30000ms exceeded.

    Error: locator.fill: Test timeout of 30000ms exceeded.
    Call log:
      - waiting for locator('input[name="fullName"], input[placeholder*="name" i]').first()


      93 |   test('should show payment options', async ({ page }) => {
      94 |     // First fill delivery details
    > 95 |     await page.locator('input[name="fullName"], input[placeholder*="name" i]').first().fill('John Doe');
         |                                                                                        ^
      96 |     await page.locator('input[name="email"], input[type="email"]').first().fill('john.doe@example.com');
      97 |     await page.locator('input[name="phone"], input[type="tel"]').first().fill('07123456789');
      98 |     await page.locator('input[name="address"], input[placeholder*="address" i]').first().fill('123 Test Street');
        at /Users/I590496/work/olufemi2/tk-afro-kitchen/tests/e2e/checkout.spec.ts:95:88

    attachment #1: screenshot (image/png) ──────────────────────────────────────────────────────────
    test-results/checkout-Checkout-Flow-should-show-payment-options-chromium/test-failed-1.png
    ────────────────────────────────────────────────────────────────────────────────────────────────

    attachment #2: video (video/webm) ──────────────────────────────────────────────────────────────
    test-results/checkout-Checkout-Flow-should-show-payment-options-chromium/video.webm
    ────────────────────────────────────────────────────────────────────────────────────────────────

    Error Context: ../../test-results/checkout-Checkout-Flow-should-show-payment-options-chromium/error-context.md
]]>
</failure>
<system-out>
<![CDATA[
[[ATTACHMENT|checkout-Checkout-Flow-should-show-payment-options-chromium/test-failed-1.png]]

[[ATTACHMENT|checkout-Checkout-Flow-should-show-payment-options-chromium/video.webm]]

[[ATTACHMENT|checkout-Checkout-Flow-should-show-payment-options-chromium/error-context.md]]
]]>
</system-out>
</testcase>
<testcase name="Checkout Flow › should have continue shopping option in checkout" classname="checkout.spec.ts" time="6.689">
</testcase>
<testcase name="Checkout Flow › should show order summary" classname="checkout.spec.ts" time="16.974">
<failure message="checkout.spec.ts:130:7 should show order summary" type="FAILURE">
<![CDATA[  [chromium] › checkout.spec.ts:130:7 › Checkout Flow › should show order summary ──────────────────

    Error: Timed out 10000ms waiting for expect(locator).toBeVisible()

    Locator: locator('text=Order Summary, text=Summary, text=Total')
    Expected: visible
    Received: <element(s) not found>
    Call log:
      - Expect "toBeVisible" with timeout 10000ms
      - waiting for locator('text=Order Summary, text=Summary, text=Total')


      130 |   test('should show order summary', async ({ page }) => {
      131 |     // Check for order summary section
    > 132 |     await expect(page.locator('text=Order Summary, text=Summary, text=Total')).toBeVisible();
          |                                                                                ^
      133 |     
      134 |     // Check for price display
      135 |     await expect(page.locator('text=£').first()).toBeVisible();
        at /Users/I590496/work/olufemi2/tk-afro-kitchen/tests/e2e/checkout.spec.ts:132:80

    attachment #1: screenshot (image/png) ──────────────────────────────────────────────────────────
    test-results/checkout-Checkout-Flow-should-show-order-summary-chromium/test-failed-1.png
    ────────────────────────────────────────────────────────────────────────────────────────────────

    attachment #2: video (video/webm) ──────────────────────────────────────────────────────────────
    test-results/checkout-Checkout-Flow-should-show-order-summary-chromium/video.webm
    ────────────────────────────────────────────────────────────────────────────────────────────────

    Error Context: ../../test-results/checkout-Checkout-Flow-should-show-order-summary-chromium/error-context.md
]]>
</failure>
<system-out>
<![CDATA[
[[ATTACHMENT|checkout-Checkout-Flow-should-show-order-summary-chromium/test-failed-1.png]]

[[ATTACHMENT|checkout-Checkout-Flow-should-show-order-summary-chromium/video.webm]]

[[ATTACHMENT|checkout-Checkout-Flow-should-show-order-summary-chromium/error-context.md]]
]]>
</system-out>
</testcase>
<testcase name="Checkout Flow › should show delivery fee calculation" classname="checkout.spec.ts" time="13.462">
<failure message="checkout.spec.ts:138:7 should show delivery fee calculation" type="FAILURE">
<![CDATA[  [chromium] › checkout.spec.ts:138:7 › Checkout Flow › should show delivery fee calculation ───────

    Error: Timed out 10000ms waiting for expect(locator).toBeVisible()

    Locator: locator('text=Delivery, text=Fee').or(locator('text=Free, text=FREE')).first()
    Expected: visible
    Received: <element(s) not found>
    Call log:
      - Expect "toBeVisible" with timeout 10000ms
      - waiting for locator('text=Delivery, text=Fee').or(locator('text=Free, text=FREE')).first()


      142 |     
      143 |     // Either delivery fee or free delivery should be mentioned
    > 144 |     await expect(deliveryFee.or(freeDelivery).first()).toBeVisible();
          |                                                        ^
      145 |   });
      146 | });
        at /Users/I590496/work/olufemi2/tk-afro-kitchen/tests/e2e/checkout.spec.ts:144:56

    attachment #1: screenshot (image/png) ──────────────────────────────────────────────────────────
    test-results/checkout-Checkout-Flow-should-show-delivery-fee-calculation-chromium/test-failed-1.png
    ────────────────────────────────────────────────────────────────────────────────────────────────

    attachment #2: video (video/webm) ──────────────────────────────────────────────────────────────
    test-results/checkout-Checkout-Flow-should-show-delivery-fee-calculation-chromium/video.webm
    ────────────────────────────────────────────────────────────────────────────────────────────────

    Error Context: ../../test-results/checkout-Checkout-Flow-should-show-delivery-fee-calculation-chromium/error-context.md
]]>
</failure>
<system-out>
<![CDATA[
[[ATTACHMENT|checkout-Checkout-Flow-should-show-delivery-fee-calculation-chromium/test-failed-1.png]]

[[ATTACHMENT|checkout-Checkout-Flow-should-show-delivery-fee-calculation-chromium/video.webm]]

[[ATTACHMENT|checkout-Checkout-Flow-should-show-delivery-fee-calculation-chromium/error-context.md]]
]]>
</system-out>
</testcase>
</testsuite>
<testsuite name="cross-browser.spec.ts" timestamp="2025-06-24T20:04:12.411Z" hostname="chromium" tests="10" failures="3" skipped="4" time="63.897" errors="0">
<testcase name="Cross-Browser Compatibility › should load homepage correctly across browsers" classname="cross-browser.spec.ts" time="30.167">
<failure message="cross-browser.spec.ts:4:7 should load homepage correctly across browsers" type="FAILURE">
<![CDATA[  [chromium] › cross-browser.spec.ts:4:7 › Cross-Browser Compatibility › should load homepage correctly across browsers 

    Test timeout of 30000ms exceeded.

    Error: locator.click: Test timeout of 30000ms exceeded.
    Call log:
      - waiting for locator('text=Browse Our Menu').first()
        - locator resolved to <a href="/menu" class="inline-flex items-center justify-center gap-2 whitespace-nowrap rounded-md text-sm font-medium transition-all h-10 px-6 bg-gradient-to-r from-orange-500 to-yellow-500 hover:from-orange-600 hover:to-yellow-600 text-white">Browse Our Menu</a>
      - attempting click action
        2 × waiting for element to be visible, enabled and stable
          - element is not stable
        - retrying click action
        - waiting 20ms
        2 × waiting for element to be visible, enabled and stable
          - element is not stable
        - retrying click action
          - waiting 100ms
        - waiting for element to be visible, enabled and stable
        - element is not stable
      13 × retrying click action
           - waiting 500ms
           - waiting for element to be visible, enabled and stable
           - element is visible, enabled and stable
           - scrolling into view if needed
           - done scrolling
           - <div class="absolute inset-0 bg-[url('/images/dishes/Jollof.jpeg')] bg-cover bg-center opacity-5 mix-blend-overlay"></div> intercepts pointer events
         - retrying click action
           - waiting 500ms
           - waiting for element to be visible, enabled and stable
           - element is visible, enabled and stable
           - scrolling into view if needed
           - done scrolling
           - <div class="absolute inset-0 bg-[url('/images/dishes/Jollof.jpeg')] bg-cover bg-center opacity-5 mix-blend-overlay"></div> intercepts pointer events
         - retrying click action
           - waiting 500ms
           - waiting for element to be visible, enabled and stable
           - element is visible, enabled and stable
           - scrolling into view if needed
           - done scrolling
           - <span>020 1234 5678</span> from <header class="sticky top-0 z-50 w-full backdrop-blur-sm bg-[#1e1e1e]/95 border-b border-orange-900/20">…</header> subtree intercepts pointer events
         - retrying click action
           - waiting 500ms
           - waiting for element to be visible, enabled and stable
           - element is visible, enabled and stable
           - scrolling into view if needed
           - done scrolling
           - <span>020 1234 5678</span> from <header class="sticky top-0 z-50 w-full backdrop-blur-sm bg-[#1e1e1e]/95 border-b border-orange-900/20">…</header> subtree intercepts pointer events
      2 × retrying click action
          - waiting 500ms
          - waiting for element to be visible, enabled and stable
          - element is visible, enabled and stable
          - scrolling into view if needed
          - done scrolling
          - <div class="absolute inset-0 bg-[url('/images/dishes/Jollof.jpeg')] bg-cover bg-center opacity-5 mix-blend-overlay"></div> intercepts pointer events
      - retrying click action
        - waiting 500ms


      11 |     // Check that navigation works
      12 |     const menuLink = page.locator('text=Browse Our Menu').first();
    > 13 |     await menuLink.click();
         |                    ^
      14 |     await page.waitForURL('**/menu');
      15 |     await expect(page).toHaveURL(/.*menu/);
      16 |   });
        at /Users/I590496/work/olufemi2/tk-afro-kitchen/tests/e2e/cross-browser.spec.ts:13:20

    attachment #1: screenshot (image/png) ──────────────────────────────────────────────────────────
    test-results/cross-browser-Cross-Browse-755d6-e-correctly-across-browsers-chromium/test-failed-1.png
    ────────────────────────────────────────────────────────────────────────────────────────────────

    attachment #2: video (video/webm) ──────────────────────────────────────────────────────────────
    test-results/cross-browser-Cross-Browse-755d6-e-correctly-across-browsers-chromium/video.webm
    ────────────────────────────────────────────────────────────────────────────────────────────────

    Error Context: ../../test-results/cross-browser-Cross-Browse-755d6-e-correctly-across-browsers-chromium/error-context.md
]]>
</failure>
<system-out>
<![CDATA[
[[ATTACHMENT|cross-browser-Cross-Browse-755d6-e-correctly-across-browsers-chromium/test-failed-1.png]]

[[ATTACHMENT|cross-browser-Cross-Browse-755d6-e-correctly-across-browsers-chromium/video.webm]]

[[ATTACHMENT|cross-browser-Cross-Browse-755d6-e-correctly-across-browsers-chromium/error-context.md]]
]]>
</system-out>
</testcase>
<testcase name="Cross-Browser Compatibility › should handle navigation correctly" classname="cross-browser.spec.ts" time="0.874">
<failure message="cross-browser.spec.ts:18:7 should handle navigation correctly" type="FAILURE">
<![CDATA[  [chromium] › cross-browser.spec.ts:18:7 › Cross-Browser Compatibility › should handle navigation correctly 

    Error: locator.isVisible: Unexpected token "=" while parsing css selector "a[href="/about"], text=About Us". Did you mean to CSS.escape it?

      21 |     // Test multiple navigation paths
      22 |     const aboutLink = page.locator('a[href="/about"], text=About Us').first();
    > 23 |     if (await aboutLink.isVisible()) {
         |                         ^
      24 |       await aboutLink.click();
      25 |       await page.waitForURL('**/about');
      26 |       await expect(page).toHaveURL(/.*about/);
        at /Users/I590496/work/olufemi2/tk-afro-kitchen/tests/e2e/cross-browser.spec.ts:23:25

    attachment #1: screenshot (image/png) ──────────────────────────────────────────────────────────
    test-results/cross-browser-Cross-Browse-81793-handle-navigation-correctly-chromium/test-failed-1.png
    ────────────────────────────────────────────────────────────────────────────────────────────────

    attachment #2: video (video/webm) ──────────────────────────────────────────────────────────────
    test-results/cross-browser-Cross-Browse-81793-handle-navigation-correctly-chromium/video.webm
    ────────────────────────────────────────────────────────────────────────────────────────────────

    Error Context: ../../test-results/cross-browser-Cross-Browse-81793-handle-navigation-correctly-chromium/error-context.md
]]>
</failure>
<system-out>
<![CDATA[
[[ATTACHMENT|cross-browser-Cross-Browse-81793-handle-navigation-correctly-chromium/test-failed-1.png]]

[[ATTACHMENT|cross-browser-Cross-Browse-81793-handle-navigation-correctly-chromium/video.webm]]

[[ATTACHMENT|cross-browser-Cross-Browse-81793-handle-navigation-correctly-chromium/error-context.md]]
]]>
</system-out>
</testcase>
<testcase name="Cross-Browser Compatibility › should handle cart functionality" classname="cross-browser.spec.ts" time="0.779">
</testcase>
<testcase name="Cross-Browser Compatibility › should render responsive design correctly" classname="cross-browser.spec.ts" time="0.814">
</testcase>
<testcase name="Safari-Specific Compatibility › should handle Safari-specific link behavior" classname="cross-browser.spec.ts" time="0.093">
<properties>
<property name="skip" value="Safari-specific test">
</property>
</properties>
<skipped>
</skipped>
</testcase>
<testcase name="Safari-Specific Compatibility › should handle Safari payment redirect behavior" classname="cross-browser.spec.ts" time="0.098">
<properties>
<property name="skip" value="Safari-specific test">
</property>
</properties>
<skipped>
</skipped>
</testcase>
<testcase name="Mobile Compatibility › should handle mobile navigation" classname="cross-browser.spec.ts" time="0.109">
<properties>
<property name="skip" value="Mobile-specific test">
</property>
</properties>
<skipped>
</skipped>
</testcase>
<testcase name="Mobile Compatibility › should handle mobile cart interaction" classname="cross-browser.spec.ts" time="0.123">
<properties>
<property name="skip" value="Mobile-specific test">
</property>
</properties>
<skipped>
</skipped>
</testcase>
<testcase name="Performance Checks › should load pages within acceptable time limits" classname="cross-browser.spec.ts" time="0.692">
</testcase>
<testcase name="Performance Checks › should handle JavaScript loading correctly" classname="cross-browser.spec.ts" time="30.148">
<failure message="cross-browser.spec.ts:174:7 should handle JavaScript loading correctly" type="FAILURE">
<![CDATA[  [chromium] › cross-browser.spec.ts:174:7 › Performance Checks › should handle JavaScript loading correctly 

    Test timeout of 30000ms exceeded.

    Error: locator.click: Test timeout of 30000ms exceeded.
    Call log:
      - waiting for locator('text=Browse Our Menu').first()
        - locator resolved to <a href="/menu" class="inline-flex items-center justify-center gap-2 whitespace-nowrap rounded-md text-sm font-medium transition-all h-10 px-6 bg-gradient-to-r from-orange-500 to-yellow-500 hover:from-orange-600 hover:to-yellow-600 text-white">Browse Our Menu</a>
      - attempting click action
        2 × waiting for element to be visible, enabled and stable
          - element is visible, enabled and stable
          - scrolling into view if needed
          - done scrolling
          - <div class="absolute inset-0 bg-[url('/images/dishes/Jollof.jpeg')] bg-cover bg-center opacity-5 mix-blend-overlay"></div> intercepts pointer events
        - retrying click action
        - waiting 20ms
        - waiting for element to be visible, enabled and stable
        - element is visible, enabled and stable
        - scrolling into view if needed
        - done scrolling
        - <div class="absolute inset-0 bg-[url('/images/dishes/Jollof.jpeg')] bg-cover bg-center opacity-5 mix-blend-overlay"></div> intercepts pointer events
      2 × retrying click action
          - waiting 100ms
          - waiting for element to be visible, enabled and stable
          - element is visible, enabled and stable
          - scrolling into view if needed
          - done scrolling
          - <span>020 1234 5678</span> from <header class="sticky top-0 z-50 w-full backdrop-blur-sm bg-[#1e1e1e]/95 border-b border-orange-900/20">…</header> subtree intercepts pointer events
      13 × retrying click action
           - waiting 500ms
           - waiting for element to be visible, enabled and stable
           - element is visible, enabled and stable
           - scrolling into view if needed
           - done scrolling
           - <div class="absolute inset-0 bg-[url('/images/dishes/Jollof.jpeg')] bg-cover bg-center opacity-5 mix-blend-overlay"></div> intercepts pointer events
         - retrying click action
           - waiting 500ms
           - waiting for element to be visible, enabled and stable
           - element is visible, enabled and stable
           - scrolling into view if needed
           - done scrolling
           - <div class="absolute inset-0 bg-[url('/images/dishes/Jollof.jpeg')] bg-cover bg-center opacity-5 mix-blend-overlay"></div> intercepts pointer events
         - retrying click action
           - waiting 500ms
           - waiting for element to be visible, enabled and stable
           - element is visible, enabled and stable
           - scrolling into view if needed
           - done scrolling
           - <span>020 1234 5678</span> from <header class="sticky top-0 z-50 w-full backdrop-blur-sm bg-[#1e1e1e]/95 border-b border-orange-900/20">…</header> subtree intercepts pointer events
         - retrying click action
           - waiting 500ms
           - waiting for element to be visible, enabled and stable
           - element is visible, enabled and stable
           - scrolling into view if needed
           - done scrolling
           - <span>020 1234 5678</span> from <header class="sticky top-0 z-50 w-full backdrop-blur-sm bg-[#1e1e1e]/95 border-b border-orange-900/20">…</header> subtree intercepts pointer events
      - retrying click action
        - waiting 500ms


      182 |     await expect(menuButton).toBeEnabled();
      183 |     
    > 184 |     await menuButton.click();
          |                      ^
      185 |     await page.waitForURL('**/menu');
      186 |     await expect(page).toHaveURL(/.*menu/);
      187 |   });
        at /Users/I590496/work/olufemi2/tk-afro-kitchen/tests/e2e/cross-browser.spec.ts:184:22

    attachment #1: screenshot (image/png) ──────────────────────────────────────────────────────────
    test-results/cross-browser-Performance--ce3cd-avaScript-loading-correctly-chromium/test-failed-1.png
    ────────────────────────────────────────────────────────────────────────────────────────────────

    attachment #2: video (video/webm) ──────────────────────────────────────────────────────────────
    test-results/cross-browser-Performance--ce3cd-avaScript-loading-correctly-chromium/video.webm
    ────────────────────────────────────────────────────────────────────────────────────────────────

    Error Context: ../../test-results/cross-browser-Performance--ce3cd-avaScript-loading-correctly-chromium/error-context.md
]]>
</failure>
<system-out>
<![CDATA[
[[ATTACHMENT|cross-browser-Performance--ce3cd-avaScript-loading-correctly-chromium/test-failed-1.png]]

[[ATTACHMENT|cross-browser-Performance--ce3cd-avaScript-loading-correctly-chromium/video.webm]]

[[ATTACHMENT|cross-browser-Performance--ce3cd-avaScript-loading-correctly-chromium/error-context.md]]
]]>
</system-out>
</testcase>
</testsuite>
<testsuite name="full-user-journey.spec.ts" timestamp="2025-06-24T20:04:12.411Z" hostname="chromium" tests="6" failures="3" skipped="2" time="54.43" errors="0">
<testcase name="Complete User Journey › should complete full user journey from homepage to success" classname="full-user-journey.spec.ts" time="30.138">
<failure message="full-user-journey.spec.ts:12:7 should complete full user journey from homepage to success" type="FAILURE">
<![CDATA[  [chromium] › full-user-journey.spec.ts:12:7 › Complete User Journey › should complete full user journey from homepage to success 

    Test timeout of 30000ms exceeded.

    Error: locator.click: Test timeout of 30000ms exceeded.
    Call log:
      - waiting for locator('text=Browse Our Menu').first()
        - locator resolved to <a href="/menu" class="inline-flex items-center justify-center gap-2 whitespace-nowrap rounded-md text-sm font-medium transition-all h-10 px-6 bg-gradient-to-r from-orange-500 to-yellow-500 hover:from-orange-600 hover:to-yellow-600 text-white">Browse Our Menu</a>
      - attempting click action
        2 × waiting for element to be visible, enabled and stable
          - element is not stable
        - retrying click action
        - waiting 20ms
        2 × waiting for element to be visible, enabled and stable
          - element is not stable
        - retrying click action
          - waiting 100ms
        - waiting for element to be visible, enabled and stable
        - element is not stable
      13 × retrying click action
           - waiting 500ms
           - waiting for element to be visible, enabled and stable
           - element is visible, enabled and stable
           - scrolling into view if needed
           - done scrolling
           - <div class="absolute inset-0 bg-[url('/images/dishes/Jollof.jpeg')] bg-cover bg-center opacity-5 mix-blend-overlay"></div> intercepts pointer events
         - retrying click action
           - waiting 500ms
           - waiting for element to be visible, enabled and stable
           - element is visible, enabled and stable
           - scrolling into view if needed
           - done scrolling
           - <div class="absolute inset-0 bg-[url('/images/dishes/Jollof.jpeg')] bg-cover bg-center opacity-5 mix-blend-overlay"></div> intercepts pointer events
         - retrying click action
           - waiting 500ms
           - waiting for element to be visible, enabled and stable
           - element is visible, enabled and stable
           - scrolling into view if needed
           - done scrolling
           - <span>020 1234 5678</span> from <header class="sticky top-0 z-50 w-full backdrop-blur-sm bg-[#1e1e1e]/95 border-b border-orange-900/20">…</header> subtree intercepts pointer events
         - retrying click action
           - waiting 500ms
           - waiting for element to be visible, enabled and stable
           - element is visible, enabled and stable
           - scrolling into view if needed
           - done scrolling
           - <span>020 1234 5678</span> from <header class="sticky top-0 z-50 w-full backdrop-blur-sm bg-[#1e1e1e]/95 border-b border-orange-900/20">…</header> subtree intercepts pointer events
      2 × retrying click action
          - waiting 500ms
          - waiting for element to be visible, enabled and stable
          - element is visible, enabled and stable
          - scrolling into view if needed
          - done scrolling
          - <div class="absolute inset-0 bg-[url('/images/dishes/Jollof.jpeg')] bg-cover bg-center opacity-5 mix-blend-overlay"></div> intercepts pointer events
      - retrying click action
        - waiting 500ms


      17 |     // Step 2: Navigate to menu
      18 |     const browseMenuBtn = page.locator('text=Browse Our Menu').first();
    > 19 |     await browseMenuBtn.click();
         |                         ^
      20 |     await helpers.waitForNavigation('/menu');
      21 |
      22 |     // Step 3: Add item to cart
        at /Users/I590496/work/olufemi2/tk-afro-kitchen/tests/e2e/full-user-journey.spec.ts:19:25

    attachment #1: screenshot (image/png) ──────────────────────────────────────────────────────────
    test-results/full-user-journey-Complete-035a0-ey-from-homepage-to-success-chromium/test-failed-1.png
    ────────────────────────────────────────────────────────────────────────────────────────────────

    attachment #2: video (video/webm) ──────────────────────────────────────────────────────────────
    test-results/full-user-journey-Complete-035a0-ey-from-homepage-to-success-chromium/video.webm
    ────────────────────────────────────────────────────────────────────────────────────────────────

    Error Context: ../../test-results/full-user-journey-Complete-035a0-ey-from-homepage-to-success-chromium/error-context.md
]]>
</failure>
<system-out>
<![CDATA[
[[ATTACHMENT|full-user-journey-Complete-035a0-ey-from-homepage-to-success-chromium/test-failed-1.png]]

[[ATTACHMENT|full-user-journey-Complete-035a0-ey-from-homepage-to-success-chromium/video.webm]]

[[ATTACHMENT|full-user-journey-Complete-035a0-ey-from-homepage-to-success-chromium/error-context.md]]
]]>
</system-out>
</testcase>
<testcase name="Complete User Journey › should handle continue shopping flow" classname="full-user-journey.spec.ts" time="10.858">
<failure message="full-user-journey.spec.ts:64:7 should handle continue shopping flow" type="FAILURE">
<![CDATA[  [chromium] › full-user-journey.spec.ts:64:7 › Complete User Journey › should handle continue shopping flow 

    Error: Timed out 10000ms waiting for expect(locator).toBeVisible()

    Locator: locator('button:has-text("Add to Cart"), button:has-text("Add to Basket")').first()
    Expected: visible
    Received: <element(s) not found>
    Call log:
      - Expect "toBeVisible" with timeout 10000ms
      - waiting for locator('button:has-text("Add to Cart"), button:has-text("Add to Basket")').first()


       at utils/test-helpers.ts:13

      11 |     
      12 |     const addToCartBtn = this.page.locator('button:has-text("Add to Cart"), button:has-text("Add to Basket")').first();
    > 13 |     await expect(addToCartBtn).toBeVisible();
         |                                ^
      14 |     await addToCartBtn.click();
      15 |     await this.page.waitForTimeout(1000);
      16 |   }
        at TestHelpers.addItemToCart (/Users/I590496/work/olufemi2/tk-afro-kitchen/tests/e2e/utils/test-helpers.ts:13:32)
        at /Users/I590496/work/olufemi2/tk-afro-kitchen/tests/e2e/full-user-journey.spec.ts:66:5

    attachment #1: screenshot (image/png) ──────────────────────────────────────────────────────────
    test-results/full-user-journey-Complete-101a4-ndle-continue-shopping-flow-chromium/test-failed-1.png
    ────────────────────────────────────────────────────────────────────────────────────────────────

    attachment #2: video (video/webm) ──────────────────────────────────────────────────────────────
    test-results/full-user-journey-Complete-101a4-ndle-continue-shopping-flow-chromium/video.webm
    ────────────────────────────────────────────────────────────────────────────────────────────────

    Error Context: ../../test-results/full-user-journey-Complete-101a4-ndle-continue-shopping-flow-chromium/error-context.md
]]>
</failure>
<system-out>
<![CDATA[
[[ATTACHMENT|full-user-journey-Complete-101a4-ndle-continue-shopping-flow-chromium/test-failed-1.png]]

[[ATTACHMENT|full-user-journey-Complete-101a4-ndle-continue-shopping-flow-chromium/video.webm]]

[[ATTACHMENT|full-user-journey-Complete-101a4-ndle-continue-shopping-flow-chromium/error-context.md]]
]]>
</system-out>
</testcase>
<testcase name="Complete User Journey › should handle Safari-specific payment flow" classname="full-user-journey.spec.ts" time="0.151">
<properties>
<property name="skip" value="">
</property>
</properties>
<skipped>
</skipped>
</testcase>
<testcase name="Complete User Journey › should handle mobile user journey" classname="full-user-journey.spec.ts" time="0.097">
<properties>
<property name="skip" value="">
</property>
</properties>
<skipped>
</skipped>
</testcase>
<testcase name="Complete User Journey › should handle error scenarios gracefully" classname="full-user-journey.spec.ts" time="2.589">
</testcase>
<testcase name="Complete User Journey › should maintain cart state across navigation" classname="full-user-journey.spec.ts" time="10.597">
<failure message="full-user-journey.spec.ts:200:7 should maintain cart state across navigation" type="FAILURE">
<![CDATA[  [chromium] › full-user-journey.spec.ts:200:7 › Complete User Journey › should maintain cart state across navigation 

    Error: Timed out 10000ms waiting for expect(locator).toBeVisible()

    Locator: locator('button:has-text("Add to Cart"), button:has-text("Add to Basket")').first()
    Expected: visible
    Received: <element(s) not found>
    Call log:
      - Expect "toBeVisible" with timeout 10000ms
      - waiting for locator('button:has-text("Add to Cart"), button:has-text("Add to Basket")').first()


       at utils/test-helpers.ts:13

      11 |     
      12 |     const addToCartBtn = this.page.locator('button:has-text("Add to Cart"), button:has-text("Add to Basket")').first();
    > 13 |     await expect(addToCartBtn).toBeVisible();
         |                                ^
      14 |     await addToCartBtn.click();
      15 |     await this.page.waitForTimeout(1000);
      16 |   }
        at TestHelpers.addItemToCart (/Users/I590496/work/olufemi2/tk-afro-kitchen/tests/e2e/utils/test-helpers.ts:13:32)
        at /Users/I590496/work/olufemi2/tk-afro-kitchen/tests/e2e/full-user-journey.spec.ts:202:5

    attachment #1: screenshot (image/png) ──────────────────────────────────────────────────────────
    test-results/full-user-journey-Complete-d575b-art-state-across-navigation-chromium/test-failed-1.png
    ────────────────────────────────────────────────────────────────────────────────────────────────

    attachment #2: video (video/webm) ──────────────────────────────────────────────────────────────
    test-results/full-user-journey-Complete-d575b-art-state-across-navigation-chromium/video.webm
    ────────────────────────────────────────────────────────────────────────────────────────────────

    Error Context: ../../test-results/full-user-journey-Complete-d575b-art-state-across-navigation-chromium/error-context.md
]]>
</failure>
<system-out>
<![CDATA[
[[ATTACHMENT|full-user-journey-Complete-d575b-art-state-across-navigation-chromium/test-failed-1.png]]

[[ATTACHMENT|full-user-journey-Complete-d575b-art-state-across-navigation-chromium/video.webm]]

[[ATTACHMENT|full-user-journey-Complete-d575b-art-state-across-navigation-chromium/error-context.md]]
]]>
</system-out>
</testcase>
</testsuite>
<testsuite name="homepage.spec.ts" timestamp="2025-06-24T20:04:12.411Z" hostname="chromium" tests="6" failures="1" skipped="0" time="38.01" errors="0">
<testcase name="Homepage › should load homepage successfully" classname="homepage.spec.ts" time="0.742">
</testcase>
<testcase name="Homepage › should have working navigation links" classname="homepage.spec.ts" time="30.2">
<failure message="homepage.spec.ts:19:7 should have working navigation links" type="FAILURE">
<![CDATA[  [chromium] › homepage.spec.ts:19:7 › Homepage › should have working navigation links ─────────────

    Test timeout of 30000ms exceeded.

    Error: locator.click: Test timeout of 30000ms exceeded.
    Call log:
      - waiting for locator('text=Browse Our Menu').first()
        - locator resolved to <a href="/menu" class="inline-flex items-center justify-center gap-2 whitespace-nowrap rounded-md text-sm font-medium transition-all h-10 px-6 bg-gradient-to-r from-orange-500 to-yellow-500 hover:from-orange-600 hover:to-yellow-600 text-white">Browse Our Menu</a>
      - attempting click action
        2 × waiting for element to be visible, enabled and stable
          - element is not stable
        - retrying click action
        - waiting 20ms
        2 × waiting for element to be visible, enabled and stable
          - element is not stable
        - retrying click action
          - waiting 100ms
        - waiting for element to be visible, enabled and stable
        - element is not stable
      13 × retrying click action
           - waiting 500ms
           - waiting for element to be visible, enabled and stable
           - element is visible, enabled and stable
           - scrolling into view if needed
           - done scrolling
           - <div class="absolute inset-0 bg-[url('/images/dishes/Jollof.jpeg')] bg-cover bg-center opacity-5 mix-blend-overlay"></div> intercepts pointer events
         - retrying click action
           - waiting 500ms
           - waiting for element to be visible, enabled and stable
           - element is visible, enabled and stable
           - scrolling into view if needed
           - done scrolling
           - <div class="absolute inset-0 bg-[url('/images/dishes/Jollof.jpeg')] bg-cover bg-center opacity-5 mix-blend-overlay"></div> intercepts pointer events
         - retrying click action
           - waiting 500ms
           - waiting for element to be visible, enabled and stable
           - element is visible, enabled and stable
           - scrolling into view if needed
           - done scrolling
           - <span>020 1234 5678</span> from <header class="sticky top-0 z-50 w-full backdrop-blur-sm bg-[#1e1e1e]/95 border-b border-orange-900/20">…</header> subtree intercepts pointer events
         - retrying click action
           - waiting 500ms
           - waiting for element to be visible, enabled and stable
           - element is visible, enabled and stable
           - scrolling into view if needed
           - done scrolling
           - <span>020 1234 5678</span> from <header class="sticky top-0 z-50 w-full backdrop-blur-sm bg-[#1e1e1e]/95 border-b border-orange-900/20">…</header> subtree intercepts pointer events
      2 × retrying click action
          - waiting 500ms
          - waiting for element to be visible, enabled and stable
          - element is visible, enabled and stable
          - scrolling into view if needed
          - done scrolling
          - <div class="absolute inset-0 bg-[url('/images/dishes/Jollof.jpeg')] bg-cover bg-center opacity-5 mix-blend-overlay"></div> intercepts pointer events
      - retrying click action
        - waiting 500ms


      21 |     const browseMenuBtn = page.locator('text=Browse Our Menu').first();
      22 |     await expect(browseMenuBtn).toBeVisible();
    > 23 |     await browseMenuBtn.click();
         |                         ^
      24 |     await page.waitForURL('**/menu');
      25 |     await expect(page).toHaveURL(/.*menu/);
      26 |     
        at /Users/I590496/work/olufemi2/tk-afro-kitchen/tests/e2e/homepage.spec.ts:23:25

    attachment #1: screenshot (image/png) ──────────────────────────────────────────────────────────
    test-results/homepage-Homepage-should-have-working-navigation-links-chromium/test-failed-1.png
    ────────────────────────────────────────────────────────────────────────────────────────────────

    attachment #2: video (video/webm) ──────────────────────────────────────────────────────────────
    test-results/homepage-Homepage-should-have-working-navigation-links-chromium/video.webm
    ────────────────────────────────────────────────────────────────────────────────────────────────

    Error Context: ../../test-results/homepage-Homepage-should-have-working-navigation-links-chromium/error-context.md
]]>
</failure>
<system-out>
<![CDATA[
[[ATTACHMENT|homepage-Homepage-should-have-working-navigation-links-chromium/test-failed-1.png]]

[[ATTACHMENT|homepage-Homepage-should-have-working-navigation-links-chromium/video.webm]]

[[ATTACHMENT|homepage-Homepage-should-have-working-navigation-links-chromium/error-context.md]]
]]>
</system-out>
</testcase>
<testcase name="Homepage › should display menu categories" classname="homepage.spec.ts" time="0.771">
</testcase>
<testcase name="Homepage › should display popular dishes" classname="homepage.spec.ts" time="1.614">
</testcase>
<testcase name="Homepage › should have working header navigation" classname="homepage.spec.ts" time="3.865">
</testcase>
<testcase name="Homepage › should show cart icon" classname="homepage.spec.ts" time="0.818">
</testcase>
</testsuite>
<testsuite name="menu-and-cart.spec.ts" timestamp="2025-06-24T20:04:12.411Z" hostname="chromium" tests="7" failures="4" skipped="0" time="52.244" errors="0">
<testcase name="Menu and Cart Functionality › should load menu page successfully" classname="menu-and-cart.spec.ts" time="0.61">
</testcase>
<testcase name="Menu and Cart Functionality › should be able to add items to cart" classname="menu-and-cart.spec.ts" time="10.774">
<failure message="menu-and-cart.spec.ts:23:7 should be able to add items to cart" type="FAILURE">
<![CDATA[  [chromium] › menu-and-cart.spec.ts:23:7 › Menu and Cart Functionality › should be able to add items to cart 

    Error: Timed out 10000ms waiting for expect(locator).toBeVisible()

    Locator: locator('button:has-text("Add to Cart"), button:has-text("Add to Basket")').first()
    Expected: visible
    Received: <element(s) not found>
    Call log:
      - Expect "toBeVisible" with timeout 10000ms
      - waiting for locator('button:has-text("Add to Cart"), button:has-text("Add to Basket")').first()


      24 |     // Find a menu item with an "Add to Cart" button
      25 |     const addToCartBtn = page.locator('button:has-text("Add to Cart"), button:has-text("Add to Basket")').first();
    > 26 |     await expect(addToCartBtn).toBeVisible();
         |                                ^
      27 |     
      28 |     // Click add to cart
      29 |     await addToCartBtn.click();
        at /Users/I590496/work/olufemi2/tk-afro-kitchen/tests/e2e/menu-and-cart.spec.ts:26:32

    attachment #1: screenshot (image/png) ──────────────────────────────────────────────────────────
    test-results/menu-and-cart-Menu-and-Car-f2f6f-e-able-to-add-items-to-cart-chromium/test-failed-1.png
    ────────────────────────────────────────────────────────────────────────────────────────────────

    attachment #2: video (video/webm) ──────────────────────────────────────────────────────────────
    test-results/menu-and-cart-Menu-and-Car-f2f6f-e-able-to-add-items-to-cart-chromium/video.webm
    ────────────────────────────────────────────────────────────────────────────────────────────────

    Error Context: ../../test-results/menu-and-cart-Menu-and-Car-f2f6f-e-able-to-add-items-to-cart-chromium/error-context.md
]]>
</failure>
<system-out>
<![CDATA[
[[ATTACHMENT|menu-and-cart-Menu-and-Car-f2f6f-e-able-to-add-items-to-cart-chromium/test-failed-1.png]]

[[ATTACHMENT|menu-and-cart-Menu-and-Car-f2f6f-e-able-to-add-items-to-cart-chromium/video.webm]]

[[ATTACHMENT|menu-and-cart-Menu-and-Car-f2f6f-e-able-to-add-items-to-cart-chromium/error-context.md]]
]]>
</system-out>
</testcase>
<testcase name="Menu and Cart Functionality › should be able to manage cart items" classname="menu-and-cart.spec.ts" time="12.221">
<failure message="menu-and-cart.spec.ts:50:7 should be able to manage cart items" type="FAILURE">
<![CDATA[  [chromium] › menu-and-cart.spec.ts:50:7 › Menu and Cart Functionality › should be able to manage cart items 

    Error: Timed out 10000ms waiting for expect(locator).toBeVisible()

    Locator: locator('text=Your Cart, text=Cart')
    Expected: visible
    Received: <element(s) not found>
    Call log:
      - Expect "toBeVisible" with timeout 10000ms
      - waiting for locator('text=Your Cart, text=Cart')


      62 |     
      63 |     // Check if cart modal is open
    > 64 |     await expect(page.locator('text=Your Cart, text=Cart')).toBeVisible();
         |                                                             ^
      65 |     
      66 |     // Look for quantity controls
      67 |     const plusButton = page.locator('button:has-text("+"), button[aria-label*="increase"], button[aria-label*="plus"]');
        at /Users/I590496/work/olufemi2/tk-afro-kitchen/tests/e2e/menu-and-cart.spec.ts:64:61

    attachment #1: screenshot (image/png) ──────────────────────────────────────────────────────────
    test-results/menu-and-cart-Menu-and-Car-e6886-e-able-to-manage-cart-items-chromium/test-failed-1.png
    ────────────────────────────────────────────────────────────────────────────────────────────────

    attachment #2: video (video/webm) ──────────────────────────────────────────────────────────────
    test-results/menu-and-cart-Menu-and-Car-e6886-e-able-to-manage-cart-items-chromium/video.webm
    ────────────────────────────────────────────────────────────────────────────────────────────────

    Error Context: ../../test-results/menu-and-cart-Menu-and-Car-e6886-e-able-to-manage-cart-items-chromium/error-context.md
]]>
</failure>
<system-out>
<![CDATA[
[[ATTACHMENT|menu-and-cart-Menu-and-Car-e6886-e-able-to-manage-cart-items-chromium/test-failed-1.png]]

[[ATTACHMENT|menu-and-cart-Menu-and-Car-e6886-e-able-to-manage-cart-items-chromium/video.webm]]

[[ATTACHMENT|menu-and-cart-Menu-and-Car-e6886-e-able-to-manage-cart-items-chromium/error-context.md]]
]]>
</system-out>
</testcase>
<testcase name="Menu and Cart Functionality › should show cart total" classname="menu-and-cart.spec.ts" time="12.241">
<failure message="menu-and-cart.spec.ts:88:7 should show cart total" type="FAILURE">
<![CDATA[  [chromium] › menu-and-cart.spec.ts:88:7 › Menu and Cart Functionality › should show cart total ───

    Error: Timed out 10000ms waiting for expect(locator).toBeVisible()

    Locator: locator('text=Total, text=£').or(locator('[data-testid="cart-total"]'))
    Expected: visible
    Received: <element(s) not found>
    Call log:
      - Expect "toBeVisible" with timeout 10000ms
      - waiting for locator('text=Total, text=£').or(locator('[data-testid="cart-total"]'))


      100 |     
      101 |     // Check for total price
    > 102 |     await expect(page.locator('text=Total, text=£').or(page.locator('[data-testid="cart-total"]'))).toBeVisible();
          |                                                                                                     ^
      103 |   });
      104 |
      105 |   test('should have continue shopping functionality', async ({ page }) => {
        at /Users/I590496/work/olufemi2/tk-afro-kitchen/tests/e2e/menu-and-cart.spec.ts:102:101

    attachment #1: screenshot (image/png) ──────────────────────────────────────────────────────────
    test-results/menu-and-cart-Menu-and-Car-a1119-lity-should-show-cart-total-chromium/test-failed-1.png
    ────────────────────────────────────────────────────────────────────────────────────────────────

    attachment #2: video (video/webm) ──────────────────────────────────────────────────────────────
    test-results/menu-and-cart-Menu-and-Car-a1119-lity-should-show-cart-total-chromium/video.webm
    ────────────────────────────────────────────────────────────────────────────────────────────────

    Error Context: ../../test-results/menu-and-cart-Menu-and-Car-a1119-lity-should-show-cart-total-chromium/error-context.md
]]>
</failure>
<system-out>
<![CDATA[
[[ATTACHMENT|menu-and-cart-Menu-and-Car-a1119-lity-should-show-cart-total-chromium/test-failed-1.png]]

[[ATTACHMENT|menu-and-cart-Menu-and-Car-a1119-lity-should-show-cart-total-chromium/video.webm]]

[[ATTACHMENT|menu-and-cart-Menu-and-Car-a1119-lity-should-show-cart-total-chromium/error-context.md]]
]]>
</system-out>
</testcase>
<testcase name="Menu and Cart Functionality › should have continue shopping functionality" classname="menu-and-cart.spec.ts" time="2.163">
</testcase>
<testcase name="Menu and Cart Functionality › should proceed to checkout with items in cart" classname="menu-and-cart.spec.ts" time="2.111">
</testcase>
<testcase name="Menu and Cart Functionality › should show empty cart message when no items" classname="menu-and-cart.spec.ts" time="12.124">
<failure message="menu-and-cart.spec.ts:160:7 should show empty cart message when no items" type="FAILURE">
<![CDATA[  [chromium] › menu-and-cart.spec.ts:160:7 › Menu and Cart Functionality › should show empty cart message when no items 

    Error: Timed out 10000ms waiting for expect(locator).toBeVisible()

    Locator: locator('text=empty, text=no items')
    Expected: visible
    Received: <element(s) not found>
    Call log:
      - Expect "toBeVisible" with timeout 10000ms
      - waiting for locator('text=empty, text=no items')


      165 |     
      166 |     // Should show empty cart message
    > 167 |     await expect(page.locator('text=empty, text=no items')).toBeVisible();
          |                                                             ^
      168 |   });
      169 | });
        at /Users/I590496/work/olufemi2/tk-afro-kitchen/tests/e2e/menu-and-cart.spec.ts:167:61

    attachment #1: screenshot (image/png) ──────────────────────────────────────────────────────────
    test-results/menu-and-cart-Menu-and-Car-6018b--cart-message-when-no-items-chromium/test-failed-1.png
    ────────────────────────────────────────────────────────────────────────────────────────────────

    attachment #2: video (video/webm) ──────────────────────────────────────────────────────────────
    test-results/menu-and-cart-Menu-and-Car-6018b--cart-message-when-no-items-chromium/video.webm
    ────────────────────────────────────────────────────────────────────────────────────────────────

    Error Context: ../../test-results/menu-and-cart-Menu-and-Car-6018b--cart-message-when-no-items-chromium/error-context.md
]]>
</failure>
<system-out>
<![CDATA[
[[ATTACHMENT|menu-and-cart-Menu-and-Car-6018b--cart-message-when-no-items-chromium/test-failed-1.png]]

[[ATTACHMENT|menu-and-cart-Menu-and-Car-6018b--cart-message-when-no-items-chromium/video.webm]]

[[ATTACHMENT|menu-and-cart-Menu-and-Car-6018b--cart-message-when-no-items-chromium/error-context.md]]
]]>
</system-out>
</testcase>
</testsuite>
<testsuite name="safari-payment.spec.ts" timestamp="2025-06-24T20:04:12.411Z" hostname="chromium" tests="7" failures="0" skipped="7" time="0.704" errors="0">
<testcase name="Safari Payment Success Flow › should detect Safari browser correctly" classname="safari-payment.spec.ts" time="0.157">
<properties>
<property name="skip" value="Safari-specific test">
</property>
</properties>
<skipped>
</skipped>
</testcase>
<testcase name="Safari Payment Success Flow › should handle Safari payment redirect correctly" classname="safari-payment.spec.ts" time="0.099">
<properties>
<property name="skip" value="Safari-specific test">
</property>
</properties>
<skipped>
</skipped>
</testcase>
<testcase name="Safari Payment Success Flow › should show Safari success banner on payment completion" classname="safari-payment.spec.ts" time="0.091">
<properties>
<property name="skip" value="Safari-specific test">
</property>
</properties>
<skipped>
</skipped>
</testcase>
<testcase name="Safari Payment Success Flow › should retrieve order details from URL parameters in Safari" classname="safari-payment.spec.ts" time="0.097">
<properties>
<property name="skip" value="Safari-specific test">
</property>
</properties>
<skipped>
</skipped>
</testcase>
<testcase name="Safari Payment Success Flow › should prevent automatic redirects from success page in Safari" classname="safari-payment.spec.ts" time="0.086">
<properties>
<property name="skip" value="Safari-specific test">
</property>
</properties>
<skipped>
</skipped>
</testcase>
<testcase name="Safari Payment Success Flow › should handle localStorage access delays in Safari" classname="safari-payment.spec.ts" time="0.084">
<properties>
<property name="skip" value="Safari-specific test">
</property>
</properties>
<skipped>
</skipped>
</testcase>
<testcase name="Safari Payment Success Flow › should show loading state before displaying success content" classname="safari-payment.spec.ts" time="0.09">
<properties>
<property name="skip" value="Safari-specific test">
</property>
</properties>
<skipped>
</skipped>
</testcase>
</testsuite>
<testsuite name="checkout.spec.ts" timestamp="2025-06-24T20:04:12.411Z" hostname="firefox" tests="7" failures="4" skipped="0" time="79.623" errors="0">
<testcase name="Checkout Flow › should load checkout page successfully" classname="checkout.spec.ts" time="13.705">
<failure message="checkout.spec.ts:30:7 should load checkout page successfully" type="FAILURE">
<![CDATA[  [firefox] › checkout.spec.ts:30:7 › Checkout Flow › should load checkout page successfully ───────

    Error: Timed out 10000ms waiting for expect(locator).toBeVisible()

    Locator: locator('text=Delivery, text=Details, text=Information')
    Expected: visible
    Received: <element(s) not found>
    Call log:
      - Expect "toBeVisible" with timeout 10000ms
      - waiting for locator('text=Delivery, text=Details, text=Information')


      32 |     
      33 |     // Check for delivery details form
    > 34 |     await expect(page.locator('text=Delivery, text=Details, text=Information')).toBeVisible();
         |                                                                                 ^
      35 |     
      36 |     // Check for form fields
      37 |     await expect(page.locator('input[name="fullName"], input[placeholder*="name" i]')).toBeVisible();
        at /Users/I590496/work/olufemi2/tk-afro-kitchen/tests/e2e/checkout.spec.ts:34:81

    attachment #1: screenshot (image/png) ──────────────────────────────────────────────────────────
    test-results/checkout-Checkout-Flow-sho-2e907--checkout-page-successfully-firefox/test-failed-1.png
    ────────────────────────────────────────────────────────────────────────────────────────────────

    attachment #2: video (video/webm) ──────────────────────────────────────────────────────────────
    test-results/checkout-Checkout-Flow-sho-2e907--checkout-page-successfully-firefox/video.webm
    ────────────────────────────────────────────────────────────────────────────────────────────────

    Error Context: ../../test-results/checkout-Checkout-Flow-sho-2e907--checkout-page-successfully-firefox/error-context.md
]]>
</failure>
<system-out>
<![CDATA[
[[ATTACHMENT|checkout-Checkout-Flow-sho-2e907--checkout-page-successfully-firefox/test-failed-1.png]]

[[ATTACHMENT|checkout-Checkout-Flow-sho-2e907--checkout-page-successfully-firefox/video.webm]]

[[ATTACHMENT|checkout-Checkout-Flow-sho-2e907--checkout-page-successfully-firefox/error-context.md]]
]]>
</system-out>
</testcase>
<testcase name="Checkout Flow › should validate required delivery details" classname="checkout.spec.ts" time="4.19">
</testcase>
<testcase name="Checkout Flow › should fill delivery details and proceed to payment" classname="checkout.spec.ts" time="3.799">
</testcase>
<testcase name="Checkout Flow › should show payment options" classname="checkout.spec.ts" time="30.161">
<failure message="checkout.spec.ts:93:7 should show payment options" type="FAILURE">
<![CDATA[  [firefox] › checkout.spec.ts:93:7 › Checkout Flow › should show payment options ──────────────────

    Test timeout of 30000ms exceeded.

    Error: locator.fill: Test timeout of 30000ms exceeded.
    Call log:
      - waiting for locator('input[name="fullName"], input[placeholder*="name" i]').first()


      93 |   test('should show payment options', async ({ page }) => {
      94 |     // First fill delivery details
    > 95 |     await page.locator('input[name="fullName"], input[placeholder*="name" i]').first().fill('John Doe');
         |                                                                                        ^
      96 |     await page.locator('input[name="email"], input[type="email"]').first().fill('john.doe@example.com');
      97 |     await page.locator('input[name="phone"], input[type="tel"]').first().fill('07123456789');
      98 |     await page.locator('input[name="address"], input[placeholder*="address" i]').first().fill('123 Test Street');
        at /Users/I590496/work/olufemi2/tk-afro-kitchen/tests/e2e/checkout.spec.ts:95:88

    attachment #1: screenshot (image/png) ──────────────────────────────────────────────────────────
    test-results/checkout-Checkout-Flow-should-show-payment-options-firefox/test-failed-1.png
    ────────────────────────────────────────────────────────────────────────────────────────────────

    attachment #2: video (video/webm) ──────────────────────────────────────────────────────────────
    test-results/checkout-Checkout-Flow-should-show-payment-options-firefox/video.webm
    ────────────────────────────────────────────────────────────────────────────────────────────────

    Error Context: ../../test-results/checkout-Checkout-Flow-should-show-payment-options-firefox/error-context.md
]]>
</failure>
<system-out>
<![CDATA[
[[ATTACHMENT|checkout-Checkout-Flow-should-show-payment-options-firefox/test-failed-1.png]]

[[ATTACHMENT|checkout-Checkout-Flow-should-show-payment-options-firefox/video.webm]]

[[ATTACHMENT|checkout-Checkout-Flow-should-show-payment-options-firefox/error-context.md]]
]]>
</system-out>
</testcase>
<testcase name="Checkout Flow › should have continue shopping option in checkout" classname="checkout.spec.ts" time="2.493">
</testcase>
<testcase name="Checkout Flow › should show order summary" classname="checkout.spec.ts" time="12.306">
<failure message="checkout.spec.ts:130:7 should show order summary" type="FAILURE">
<![CDATA[  [firefox] › checkout.spec.ts:130:7 › Checkout Flow › should show order summary ───────────────────

    Error: Timed out 10000ms waiting for expect(locator).toBeVisible()

    Locator: locator('text=Order Summary, text=Summary, text=Total')
    Expected: visible
    Received: <element(s) not found>
    Call log:
      - Expect "toBeVisible" with timeout 10000ms
      - waiting for locator('text=Order Summary, text=Summary, text=Total')


      130 |   test('should show order summary', async ({ page }) => {
      131 |     // Check for order summary section
    > 132 |     await expect(page.locator('text=Order Summary, text=Summary, text=Total')).toBeVisible();
          |                                                                                ^
      133 |     
      134 |     // Check for price display
      135 |     await expect(page.locator('text=£').first()).toBeVisible();
        at /Users/I590496/work/olufemi2/tk-afro-kitchen/tests/e2e/checkout.spec.ts:132:80

    attachment #1: screenshot (image/png) ──────────────────────────────────────────────────────────
    test-results/checkout-Checkout-Flow-should-show-order-summary-firefox/test-failed-1.png
    ────────────────────────────────────────────────────────────────────────────────────────────────

    attachment #2: video (video/webm) ──────────────────────────────────────────────────────────────
    test-results/checkout-Checkout-Flow-should-show-order-summary-firefox/video.webm
    ────────────────────────────────────────────────────────────────────────────────────────────────

    Error Context: ../../test-results/checkout-Checkout-Flow-should-show-order-summary-firefox/error-context.md
]]>
</failure>
<system-out>
<![CDATA[
[[ATTACHMENT|checkout-Checkout-Flow-should-show-order-summary-firefox/test-failed-1.png]]

[[ATTACHMENT|checkout-Checkout-Flow-should-show-order-summary-firefox/video.webm]]

[[ATTACHMENT|checkout-Checkout-Flow-should-show-order-summary-firefox/error-context.md]]
]]>
</system-out>
</testcase>
<testcase name="Checkout Flow › should show delivery fee calculation" classname="checkout.spec.ts" time="12.969">
<failure message="checkout.spec.ts:138:7 should show delivery fee calculation" type="FAILURE">
<![CDATA[  [firefox] › checkout.spec.ts:138:7 › Checkout Flow › should show delivery fee calculation ────────

    Error: Timed out 10000ms waiting for expect(locator).toBeVisible()

    Locator: locator('text=Delivery, text=Fee').or(locator('text=Free, text=FREE')).first()
    Expected: visible
    Received: <element(s) not found>
    Call log:
      - Expect "toBeVisible" with timeout 10000ms
      - waiting for locator('text=Delivery, text=Fee').or(locator('text=Free, text=FREE')).first()


      142 |     
      143 |     // Either delivery fee or free delivery should be mentioned
    > 144 |     await expect(deliveryFee.or(freeDelivery).first()).toBeVisible();
          |                                                        ^
      145 |   });
      146 | });
        at /Users/I590496/work/olufemi2/tk-afro-kitchen/tests/e2e/checkout.spec.ts:144:56

    attachment #1: screenshot (image/png) ──────────────────────────────────────────────────────────
    test-results/checkout-Checkout-Flow-should-show-delivery-fee-calculation-firefox/test-failed-1.png
    ────────────────────────────────────────────────────────────────────────────────────────────────

    attachment #2: video (video/webm) ──────────────────────────────────────────────────────────────
    test-results/checkout-Checkout-Flow-should-show-delivery-fee-calculation-firefox/video.webm
    ────────────────────────────────────────────────────────────────────────────────────────────────

    Error Context: ../../test-results/checkout-Checkout-Flow-should-show-delivery-fee-calculation-firefox/error-context.md
]]>
</failure>
<system-out>
<![CDATA[
[[ATTACHMENT|checkout-Checkout-Flow-should-show-delivery-fee-calculation-firefox/test-failed-1.png]]

[[ATTACHMENT|checkout-Checkout-Flow-should-show-delivery-fee-calculation-firefox/video.webm]]

[[ATTACHMENT|checkout-Checkout-Flow-should-show-delivery-fee-calculation-firefox/error-context.md]]
]]>
</system-out>
</testcase>
</testsuite>
<testsuite name="cross-browser.spec.ts" timestamp="2025-06-24T20:04:12.411Z" hostname="firefox" tests="10" failures="3" skipped="4" time="66.177" errors="0">
<testcase name="Cross-Browser Compatibility › should load homepage correctly across browsers" classname="cross-browser.spec.ts" time="30.115">
<failure message="cross-browser.spec.ts:4:7 should load homepage correctly across browsers" type="FAILURE">
<![CDATA[  [firefox] › cross-browser.spec.ts:4:7 › Cross-Browser Compatibility › should load homepage correctly across browsers 

    Test timeout of 30000ms exceeded.

    Error: locator.click: Test timeout of 30000ms exceeded.
    Call log:
      - waiting for locator('text=Browse Our Menu').first()
        - locator resolved to <a href="/menu" class="inline-flex items-center justify-center gap-2 whitespace-nowrap rounded-md text-sm font-medium transition-all h-10 px-6 bg-gradient-to-r from-orange-500 to-yellow-500 hover:from-orange-600 hover:to-yellow-600 text-white">Browse Our Menu</a>
      - attempting click action
        2 × waiting for element to be visible, enabled and stable
          - element is not stable
        - retrying click action
        - waiting 20ms
        2 × waiting for element to be visible, enabled and stable
          - element is not stable
        - retrying click action
          - waiting 100ms
        - waiting for element to be visible, enabled and stable
        - element is not stable
      13 × retrying click action
           - waiting 500ms
           - waiting for element to be visible, enabled and stable
           - element is visible, enabled and stable
           - scrolling into view if needed
           - done scrolling
           - <div class="absolute inset-0 bg-[url('/images/dishes/Jollof.jpeg')] bg-cover bg-center opacity-5 mix-blend-overlay"></div> intercepts pointer events
         - retrying click action
           - waiting 500ms
           - waiting for element to be visible, enabled and stable
           - element is visible, enabled and stable
           - scrolling into view if needed
           - done scrolling
           - <div class="absolute inset-0 bg-[url('/images/dishes/Jollof.jpeg')] bg-cover bg-center opacity-5 mix-blend-overlay"></div> intercepts pointer events
         - retrying click action
           - waiting 500ms
           - waiting for element to be visible, enabled and stable
           - element is visible, enabled and stable
           - scrolling into view if needed
           - done scrolling
           - <span>020 1234 5678</span> from <header class="sticky top-0 z-50 w-full backdrop-blur-sm bg-[#1e1e1e]/95 border-b border-orange-900/20">…</header> subtree intercepts pointer events
         - retrying click action
           - waiting 500ms
           - waiting for element to be visible, enabled and stable
           - element is visible, enabled and stable
           - scrolling into view if needed
           - done scrolling
           - <span>020 1234 5678</span> from <header class="sticky top-0 z-50 w-full backdrop-blur-sm bg-[#1e1e1e]/95 border-b border-orange-900/20">…</header> subtree intercepts pointer events
      2 × retrying click action
          - waiting 500ms
          - waiting for element to be visible, enabled and stable
          - element is visible, enabled and stable
          - scrolling into view if needed
          - done scrolling
          - <div class="absolute inset-0 bg-[url('/images/dishes/Jollof.jpeg')] bg-cover bg-center opacity-5 mix-blend-overlay"></div> intercepts pointer events
      - retrying click action
        - waiting 500ms


      11 |     // Check that navigation works
      12 |     const menuLink = page.locator('text=Browse Our Menu').first();
    > 13 |     await menuLink.click();
         |                    ^
      14 |     await page.waitForURL('**/menu');
      15 |     await expect(page).toHaveURL(/.*menu/);
      16 |   });
        at /Users/I590496/work/olufemi2/tk-afro-kitchen/tests/e2e/cross-browser.spec.ts:13:20

    attachment #1: screenshot (image/png) ──────────────────────────────────────────────────────────
    test-results/cross-browser-Cross-Browse-755d6-e-correctly-across-browsers-firefox/test-failed-1.png
    ────────────────────────────────────────────────────────────────────────────────────────────────

    attachment #2: video (video/webm) ──────────────────────────────────────────────────────────────
    test-results/cross-browser-Cross-Browse-755d6-e-correctly-across-browsers-firefox/video.webm
    ────────────────────────────────────────────────────────────────────────────────────────────────

    Error Context: ../../test-results/cross-browser-Cross-Browse-755d6-e-correctly-across-browsers-firefox/error-context.md
]]>
</failure>
<system-out>
<![CDATA[
[[ATTACHMENT|cross-browser-Cross-Browse-755d6-e-correctly-across-browsers-firefox/test-failed-1.png]]

[[ATTACHMENT|cross-browser-Cross-Browse-755d6-e-correctly-across-browsers-firefox/video.webm]]

[[ATTACHMENT|cross-browser-Cross-Browse-755d6-e-correctly-across-browsers-firefox/error-context.md]]
]]>
</system-out>
</testcase>
<testcase name="Cross-Browser Compatibility › should handle navigation correctly" classname="cross-browser.spec.ts" time="1.443">
<failure message="cross-browser.spec.ts:18:7 should handle navigation correctly" type="FAILURE">
<![CDATA[  [firefox] › cross-browser.spec.ts:18:7 › Cross-Browser Compatibility › should handle navigation correctly 

    Error: locator.isVisible: Unexpected token "=" while parsing css selector "a[href="/about"], text=About Us". Did you mean to CSS.escape it?

      21 |     // Test multiple navigation paths
      22 |     const aboutLink = page.locator('a[href="/about"], text=About Us').first();
    > 23 |     if (await aboutLink.isVisible()) {
         |                         ^
      24 |       await aboutLink.click();
      25 |       await page.waitForURL('**/about');
      26 |       await expect(page).toHaveURL(/.*about/);
        at /Users/I590496/work/olufemi2/tk-afro-kitchen/tests/e2e/cross-browser.spec.ts:23:25

    attachment #1: screenshot (image/png) ──────────────────────────────────────────────────────────
    test-results/cross-browser-Cross-Browse-81793-handle-navigation-correctly-firefox/test-failed-1.png
    ────────────────────────────────────────────────────────────────────────────────────────────────

    attachment #2: video (video/webm) ──────────────────────────────────────────────────────────────
    test-results/cross-browser-Cross-Browse-81793-handle-navigation-correctly-firefox/video.webm
    ────────────────────────────────────────────────────────────────────────────────────────────────

    Error Context: ../../test-results/cross-browser-Cross-Browse-81793-handle-navigation-correctly-firefox/error-context.md
]]>
</failure>
<system-out>
<![CDATA[
[[ATTACHMENT|cross-browser-Cross-Browse-81793-handle-navigation-correctly-firefox/test-failed-1.png]]

[[ATTACHMENT|cross-browser-Cross-Browse-81793-handle-navigation-correctly-firefox/video.webm]]

[[ATTACHMENT|cross-browser-Cross-Browse-81793-handle-navigation-correctly-firefox/error-context.md]]
]]>
</system-out>
</testcase>
<testcase name="Cross-Browser Compatibility › should handle cart functionality" classname="cross-browser.spec.ts" time="1.359">
</testcase>
<testcase name="Cross-Browser Compatibility › should render responsive design correctly" classname="cross-browser.spec.ts" time="0.842">
</testcase>
<testcase name="Safari-Specific Compatibility › should handle Safari-specific link behavior" classname="cross-browser.spec.ts" time="0.829">
<properties>
<property name="skip" value="Safari-specific test">
</property>
</properties>
<skipped>
</skipped>
</testcase>
<testcase name="Safari-Specific Compatibility › should handle Safari payment redirect behavior" classname="cross-browser.spec.ts" time="0.169">
<properties>
<property name="skip" value="Safari-specific test">
</property>
</properties>
<skipped>
</skipped>
</testcase>
<testcase name="Mobile Compatibility › should handle mobile navigation" classname="cross-browser.spec.ts" time="0.174">
<properties>
<property name="skip" value="Mobile-specific test">
</property>
</properties>
<skipped>
</skipped>
</testcase>
<testcase name="Mobile Compatibility › should handle mobile cart interaction" classname="cross-browser.spec.ts" time="0.184">
<properties>
<property name="skip" value="Mobile-specific test">
</property>
</properties>
<skipped>
</skipped>
</testcase>
<testcase name="Performance Checks › should load pages within acceptable time limits" classname="cross-browser.spec.ts" time="0.913">
</testcase>
<testcase name="Performance Checks › should handle JavaScript loading correctly" classname="cross-browser.spec.ts" time="30.149">
<failure message="cross-browser.spec.ts:174:7 should handle JavaScript loading correctly" type="FAILURE">
<![CDATA[  [firefox] › cross-browser.spec.ts:174:7 › Performance Checks › should handle JavaScript loading correctly 

    Test timeout of 30000ms exceeded.

    Error: locator.click: Test timeout of 30000ms exceeded.
    Call log:
      - waiting for locator('text=Browse Our Menu').first()
        - locator resolved to <a href="/menu" class="inline-flex items-center justify-center gap-2 whitespace-nowrap rounded-md text-sm font-medium transition-all h-10 px-6 bg-gradient-to-r from-orange-500 to-yellow-500 hover:from-orange-600 hover:to-yellow-600 text-white">Browse Our Menu</a>
      - attempting click action
        2 × waiting for element to be visible, enabled and stable
          - element is visible, enabled and stable
          - scrolling into view if needed
          - done scrolling
          - <div class="absolute inset-0 bg-[url('/images/dishes/Jollof.jpeg')] bg-cover bg-center opacity-5 mix-blend-overlay"></div> intercepts pointer events
        - retrying click action
        - waiting 20ms
        - waiting for element to be visible, enabled and stable
        - element is visible, enabled and stable
        - scrolling into view if needed
        - done scrolling
        - <div class="absolute inset-0 bg-[url('/images/dishes/Jollof.jpeg')] bg-cover bg-center opacity-5 mix-blend-overlay"></div> intercepts pointer events
      2 × retrying click action
          - waiting 100ms
          - waiting for element to be visible, enabled and stable
          - element is visible, enabled and stable
          - scrolling into view if needed
          - done scrolling
          - <span>020 1234 5678</span> from <header class="sticky top-0 z-50 w-full backdrop-blur-sm bg-[#1e1e1e]/95 border-b border-orange-900/20">…</header> subtree intercepts pointer events
      13 × retrying click action
           - waiting 500ms
           - waiting for element to be visible, enabled and stable
           - element is visible, enabled and stable
           - scrolling into view if needed
           - done scrolling
           - <div class="absolute inset-0 bg-[url('/images/dishes/Jollof.jpeg')] bg-cover bg-center opacity-5 mix-blend-overlay"></div> intercepts pointer events
         - retrying click action
           - waiting 500ms
           - waiting for element to be visible, enabled and stable
           - element is visible, enabled and stable
           - scrolling into view if needed
           - done scrolling
           - <div class="absolute inset-0 bg-[url('/images/dishes/Jollof.jpeg')] bg-cover bg-center opacity-5 mix-blend-overlay"></div> intercepts pointer events
         - retrying click action
           - waiting 500ms
           - waiting for element to be visible, enabled and stable
           - element is visible, enabled and stable
           - scrolling into view if needed
           - done scrolling
           - <span>020 1234 5678</span> from <header class="sticky top-0 z-50 w-full backdrop-blur-sm bg-[#1e1e1e]/95 border-b border-orange-900/20">…</header> subtree intercepts pointer events
         - retrying click action
           - waiting 500ms
           - waiting for element to be visible, enabled and stable
           - element is visible, enabled and stable
           - scrolling into view if needed
           - done scrolling
           - <span>020 1234 5678</span> from <header class="sticky top-0 z-50 w-full backdrop-blur-sm bg-[#1e1e1e]/95 border-b border-orange-900/20">…</header> subtree intercepts pointer events
      - retrying click action
        - waiting 500ms


      182 |     await expect(menuButton).toBeEnabled();
      183 |     
    > 184 |     await menuButton.click();
          |                      ^
      185 |     await page.waitForURL('**/menu');
      186 |     await expect(page).toHaveURL(/.*menu/);
      187 |   });
        at /Users/I590496/work/olufemi2/tk-afro-kitchen/tests/e2e/cross-browser.spec.ts:184:22

    attachment #1: screenshot (image/png) ──────────────────────────────────────────────────────────
    test-results/cross-browser-Performance--ce3cd-avaScript-loading-correctly-firefox/test-failed-1.png
    ────────────────────────────────────────────────────────────────────────────────────────────────

    attachment #2: video (video/webm) ──────────────────────────────────────────────────────────────
    test-results/cross-browser-Performance--ce3cd-avaScript-loading-correctly-firefox/video.webm
    ────────────────────────────────────────────────────────────────────────────────────────────────

    Error Context: ../../test-results/cross-browser-Performance--ce3cd-avaScript-loading-correctly-firefox/error-context.md
]]>
</failure>
<system-out>
<![CDATA[
[[ATTACHMENT|cross-browser-Performance--ce3cd-avaScript-loading-correctly-firefox/test-failed-1.png]]

[[ATTACHMENT|cross-browser-Performance--ce3cd-avaScript-loading-correctly-firefox/video.webm]]

[[ATTACHMENT|cross-browser-Performance--ce3cd-avaScript-loading-correctly-firefox/error-context.md]]
]]>
</system-out>
</testcase>
</testsuite>
<testsuite name="full-user-journey.spec.ts" timestamp="2025-06-24T20:04:12.411Z" hostname="firefox" tests="6" failures="3" skipped="2" time="56.051" errors="0">
<testcase name="Complete User Journey › should complete full user journey from homepage to success" classname="full-user-journey.spec.ts" time="30.12">
<failure message="full-user-journey.spec.ts:12:7 should complete full user journey from homepage to success" type="FAILURE">
<![CDATA[  [firefox] › full-user-journey.spec.ts:12:7 › Complete User Journey › should complete full user journey from homepage to success 

    Test timeout of 30000ms exceeded.

    Error: locator.click: Test timeout of 30000ms exceeded.
    Call log:
      - waiting for locator('text=Browse Our Menu').first()
        - locator resolved to <a href="/menu" class="inline-flex items-center justify-center gap-2 whitespace-nowrap rounded-md text-sm font-medium transition-all h-10 px-6 bg-gradient-to-r from-orange-500 to-yellow-500 hover:from-orange-600 hover:to-yellow-600 text-white">Browse Our Menu</a>
      - attempting click action
        2 × waiting for element to be visible, enabled and stable
          - element is not stable
        - retrying click action
        - waiting 20ms
        2 × waiting for element to be visible, enabled and stable
          - element is not stable
        - retrying click action
          - waiting 100ms
        - waiting for element to be visible, enabled and stable
        - element is not stable
      13 × retrying click action
           - waiting 500ms
           - waiting for element to be visible, enabled and stable
           - element is visible, enabled and stable
           - scrolling into view if needed
           - done scrolling
           - <div class="absolute inset-0 bg-[url('/images/dishes/Jollof.jpeg')] bg-cover bg-center opacity-5 mix-blend-overlay"></div> intercepts pointer events
         - retrying click action
           - waiting 500ms
           - waiting for element to be visible, enabled and stable
           - element is visible, enabled and stable
           - scrolling into view if needed
           - done scrolling
           - <div class="absolute inset-0 bg-[url('/images/dishes/Jollof.jpeg')] bg-cover bg-center opacity-5 mix-blend-overlay"></div> intercepts pointer events
         - retrying click action
           - waiting 500ms
           - waiting for element to be visible, enabled and stable
           - element is visible, enabled and stable
           - scrolling into view if needed
           - done scrolling
           - <span>020 1234 5678</span> from <header class="sticky top-0 z-50 w-full backdrop-blur-sm bg-[#1e1e1e]/95 border-b border-orange-900/20">…</header> subtree intercepts pointer events
         - retrying click action
           - waiting 500ms
           - waiting for element to be visible, enabled and stable
           - element is visible, enabled and stable
           - scrolling into view if needed
           - done scrolling
           - <span>020 1234 5678</span> from <header class="sticky top-0 z-50 w-full backdrop-blur-sm bg-[#1e1e1e]/95 border-b border-orange-900/20">…</header> subtree intercepts pointer events
      2 × retrying click action
          - waiting 500ms
          - waiting for element to be visible, enabled and stable
          - element is visible, enabled and stable
          - scrolling into view if needed
          - done scrolling
          - <div class="absolute inset-0 bg-[url('/images/dishes/Jollof.jpeg')] bg-cover bg-center opacity-5 mix-blend-overlay"></div> intercepts pointer events
      - retrying click action
        - waiting 500ms


      17 |     // Step 2: Navigate to menu
      18 |     const browseMenuBtn = page.locator('text=Browse Our Menu').first();
    > 19 |     await browseMenuBtn.click();
         |                         ^
      20 |     await helpers.waitForNavigation('/menu');
      21 |
      22 |     // Step 3: Add item to cart
        at /Users/I590496/work/olufemi2/tk-afro-kitchen/tests/e2e/full-user-journey.spec.ts:19:25

    attachment #1: screenshot (image/png) ──────────────────────────────────────────────────────────
    test-results/full-user-journey-Complete-035a0-ey-from-homepage-to-success-firefox/test-failed-1.png
    ────────────────────────────────────────────────────────────────────────────────────────────────

    attachment #2: video (video/webm) ──────────────────────────────────────────────────────────────
    test-results/full-user-journey-Complete-035a0-ey-from-homepage-to-success-firefox/video.webm
    ────────────────────────────────────────────────────────────────────────────────────────────────

[...]
]]>
</failure>
<system-out>
<![CDATA[
[[ATTACHMENT|full-user-journey-Complete-9c22b--error-scenarios-gracefully-Mobile-Safari/test-failed-1.png]]
]]>
</system-out>
</testcase>
<testcase name="Complete User Journey › should maintain cart state across navigation" classname="full-user-journey.spec.ts" time="0.491">
<failure message="full-user-journey.spec.ts:200:7 should maintain cart state across navigation" type="FAILURE">
<![CDATA[  [Mobile Safari] › full-user-journey.spec.ts:200:7 › Complete User Journey › should maintain cart state across navigation 

    Error: browserContext.newPage: Unknown permission: clipboard-write

    attachment #1: screenshot (image/png) ──────────────────────────────────────────────────────────
    test-results/full-user-journey-Complete-d575b-art-state-across-navigation-Mobile-Safari/test-failed-1.png
    ────────────────────────────────────────────────────────────────────────────────────────────────
]]>
</failure>
<system-out>
<![CDATA[
[[ATTACHMENT|full-user-journey-Complete-d575b-art-state-across-navigation-Mobile-Safari/test-failed-1.png]]
]]>
</system-out>
</testcase>
</testsuite>
<testsuite name="homepage.spec.ts" timestamp="2025-06-24T20:04:12.411Z" hostname="Mobile Safari" tests="6" failures="6" skipped="0" time="2.795" errors="0">
<testcase name="Homepage › should load homepage successfully" classname="homepage.spec.ts" time="0.508">
<failure message="homepage.spec.ts:8:7 should load homepage successfully" type="FAILURE">
<![CDATA[  [Mobile Safari] › homepage.spec.ts:8:7 › Homepage › should load homepage successfully ────────────

    Error: browserContext.newPage: Unknown permission: clipboard-write

    attachment #1: screenshot (image/png) ──────────────────────────────────────────────────────────
    test-results/homepage-Homepage-should-load-homepage-successfully-Mobile-Safari/test-failed-1.png
    ────────────────────────────────────────────────────────────────────────────────────────────────
]]>
</failure>
<system-out>
<![CDATA[
[[ATTACHMENT|homepage-Homepage-should-load-homepage-successfully-Mobile-Safari/test-failed-1.png]]
]]>
</system-out>
</testcase>
<testcase name="Homepage › should have working navigation links" classname="homepage.spec.ts" time="0.509">
<failure message="homepage.spec.ts:19:7 should have working navigation links" type="FAILURE">
<![CDATA[  [Mobile Safari] › homepage.spec.ts:19:7 › Homepage › should have working navigation links ────────

    Error: browserContext.newPage: Unknown permission: clipboard-write

    attachment #1: screenshot (image/png) ──────────────────────────────────────────────────────────
    test-results/homepage-Homepage-should-have-working-navigation-links-Mobile-Safari/test-failed-1.png
    ────────────────────────────────────────────────────────────────────────────────────────────────
]]>
</failure>
<system-out>
<![CDATA[
[[ATTACHMENT|homepage-Homepage-should-have-working-navigation-links-Mobile-Safari/test-failed-1.png]]
]]>
</system-out>
</testcase>
<testcase name="Homepage › should display menu categories" classname="homepage.spec.ts" time="0.343">
<failure message="homepage.spec.ts:38:7 should display menu categories" type="FAILURE">
<![CDATA[  [Mobile Safari] › homepage.spec.ts:38:7 › Homepage › should display menu categories ──────────────

    Error: browserContext.newPage: Unknown permission: clipboard-write

    attachment #1: screenshot (image/png) ──────────────────────────────────────────────────────────
    test-results/homepage-Homepage-should-display-menu-categories-Mobile-Safari/test-failed-1.png
    ────────────────────────────────────────────────────────────────────────────────────────────────
]]>
</failure>
<system-out>
<![CDATA[
[[ATTACHMENT|homepage-Homepage-should-display-menu-categories-Mobile-Safari/test-failed-1.png]]
]]>
</system-out>
</testcase>
<testcase name="Homepage › should display popular dishes" classname="homepage.spec.ts" time="0.506">
<failure message="homepage.spec.ts:47:7 should display popular dishes" type="FAILURE">
<![CDATA[  [Mobile Safari] › homepage.spec.ts:47:7 › Homepage › should display popular dishes ───────────────

    Error: browserContext.newPage: Unknown permission: clipboard-write

    attachment #1: screenshot (image/png) ──────────────────────────────────────────────────────────
    test-results/homepage-Homepage-should-display-popular-dishes-Mobile-Safari/test-failed-1.png
    ────────────────────────────────────────────────────────────────────────────────────────────────
]]>
</failure>
<system-out>
<![CDATA[
[[ATTACHMENT|homepage-Homepage-should-display-popular-dishes-Mobile-Safari/test-failed-1.png]]
]]>
</system-out>
</testcase>
<testcase name="Homepage › should have working header navigation" classname="homepage.spec.ts" time="0.46">
<failure message="homepage.spec.ts:63:7 should have working header navigation" type="FAILURE">
<![CDATA[  [Mobile Safari] › homepage.spec.ts:63:7 › Homepage › should have working header navigation ───────

    Error: browserContext.newPage: Unknown permission: clipboard-write

    attachment #1: screenshot (image/png) ──────────────────────────────────────────────────────────
    test-results/homepage-Homepage-should-have-working-header-navigation-Mobile-Safari/test-failed-1.png
    ────────────────────────────────────────────────────────────────────────────────────────────────
]]>
</failure>
<system-out>
<![CDATA[
[[ATTACHMENT|homepage-Homepage-should-have-working-header-navigation-Mobile-Safari/test-failed-1.png]]
]]>
</system-out>
</testcase>
<testcase name="Homepage › should show cart icon" classname="homepage.spec.ts" time="0.469">
<failure message="homepage.spec.ts:87:7 should show cart icon" type="FAILURE">
<![CDATA[  [Mobile Safari] › homepage.spec.ts:87:7 › Homepage › should show cart icon ───────────────────────

    Error: browserContext.newPage: Unknown permission: clipboard-write

    attachment #1: screenshot (image/png) ──────────────────────────────────────────────────────────
    test-results/homepage-Homepage-should-show-cart-icon-Mobile-Safari/test-failed-1.png
    ────────────────────────────────────────────────────────────────────────────────────────────────
]]>
</failure>
<system-out>
<![CDATA[
[[ATTACHMENT|homepage-Homepage-should-show-cart-icon-Mobile-Safari/test-failed-1.png]]
]]>
</system-out>
</testcase>
</testsuite>
<testsuite name="menu-and-cart.spec.ts" timestamp="2025-06-24T20:04:12.411Z" hostname="Mobile Safari" tests="7" failures="7" skipped="0" time="3.55" errors="0">
<testcase name="Menu and Cart Functionality › should load menu page successfully" classname="menu-and-cart.spec.ts" time="0.345">
<failure message="menu-and-cart.spec.ts:8:7 should load menu page successfully" type="FAILURE">
<![CDATA[  [Mobile Safari] › menu-and-cart.spec.ts:8:7 › Menu and Cart Functionality › should load menu page successfully 

    Error: browserContext.newPage: Unknown permission: clipboard-write

    attachment #1: screenshot (image/png) ──────────────────────────────────────────────────────────
    test-results/menu-and-cart-Menu-and-Car-dd98c-load-menu-page-successfully-Mobile-Safari/test-failed-1.png
    ────────────────────────────────────────────────────────────────────────────────────────────────
]]>
</failure>
<system-out>
<![CDATA[
[[ATTACHMENT|menu-and-cart-Menu-and-Car-dd98c-load-menu-page-successfully-Mobile-Safari/test-failed-1.png]]
]]>
</system-out>
</testcase>
<testcase name="Menu and Cart Functionality › should be able to add items to cart" classname="menu-and-cart.spec.ts" time="0.555">
<failure message="menu-and-cart.spec.ts:23:7 should be able to add items to cart" type="FAILURE">
<![CDATA[  [Mobile Safari] › menu-and-cart.spec.ts:23:7 › Menu and Cart Functionality › should be able to add items to cart 

    Error: browserContext.newPage: Unknown permission: clipboard-write

    attachment #1: screenshot (image/png) ──────────────────────────────────────────────────────────
    test-results/menu-and-cart-Menu-and-Car-f2f6f-e-able-to-add-items-to-cart-Mobile-Safari/test-failed-1.png
    ────────────────────────────────────────────────────────────────────────────────────────────────
]]>
</failure>
<system-out>
<![CDATA[
[[ATTACHMENT|menu-and-cart-Menu-and-Car-f2f6f-e-able-to-add-items-to-cart-Mobile-Safari/test-failed-1.png]]
]]>
</system-out>
</testcase>
<testcase name="Menu and Cart Functionality › should be able to manage cart items" classname="menu-and-cart.spec.ts" time="0.57">
<failure message="menu-and-cart.spec.ts:50:7 should be able to manage cart items" type="FAILURE">
<![CDATA[  [Mobile Safari] › menu-and-cart.spec.ts:50:7 › Menu and Cart Functionality › should be able to manage cart items 

    Error: browserContext.newPage: Unknown permission: clipboard-write

    attachment #1: screenshot (image/png) ──────────────────────────────────────────────────────────
    test-results/menu-and-cart-Menu-and-Car-e6886-e-able-to-manage-cart-items-Mobile-Safari/test-failed-1.png
    ────────────────────────────────────────────────────────────────────────────────────────────────
]]>
</failure>
<system-out>
<![CDATA[
[[ATTACHMENT|menu-and-cart-Menu-and-Car-e6886-e-able-to-manage-cart-items-Mobile-Safari/test-failed-1.png]]
]]>
</system-out>
</testcase>
<testcase name="Menu and Cart Functionality › should show cart total" classname="menu-and-cart.spec.ts" time="0.552">
<failure message="menu-and-cart.spec.ts:88:7 should show cart total" type="FAILURE">
<![CDATA[  [Mobile Safari] › menu-and-cart.spec.ts:88:7 › Menu and Cart Functionality › should show cart total 

    Error: browserContext.newPage: Unknown permission: clipboard-write

    attachment #1: screenshot (image/png) ──────────────────────────────────────────────────────────
    test-results/menu-and-cart-Menu-and-Car-a1119-lity-should-show-cart-total-Mobile-Safari/test-failed-1.png
    ────────────────────────────────────────────────────────────────────────────────────────────────
]]>
</failure>
<system-out>
<![CDATA[
[[ATTACHMENT|menu-and-cart-Menu-and-Car-a1119-lity-should-show-cart-total-Mobile-Safari/test-failed-1.png]]
]]>
</system-out>
</testcase>
<testcase name="Menu and Cart Functionality › should have continue shopping functionality" classname="menu-and-cart.spec.ts" time="0.519">
<failure message="menu-and-cart.spec.ts:105:7 should have continue shopping functionality" type="FAILURE">
<![CDATA[  [Mobile Safari] › menu-and-cart.spec.ts:105:7 › Menu and Cart Functionality › should have continue shopping functionality 

    Error: browserContext.newPage: Unknown permission: clipboard-write

    attachment #1: screenshot (image/png) ──────────────────────────────────────────────────────────
    test-results/menu-and-cart-Menu-and-Car-9293b-inue-shopping-functionality-Mobile-Safari/test-failed-1.png
    ────────────────────────────────────────────────────────────────────────────────────────────────
]]>
</failure>
<system-out>
<![CDATA[
[[ATTACHMENT|menu-and-cart-Menu-and-Car-9293b-inue-shopping-functionality-Mobile-Safari/test-failed-1.png]]
]]>
</system-out>
</testcase>
<testcase name="Menu and Cart Functionality › should proceed to checkout with items in cart" classname="menu-and-cart.spec.ts" time="0.366">
<failure message="menu-and-cart.spec.ts:136:7 should proceed to checkout with items in cart" type="FAILURE">
<![CDATA[  [Mobile Safari] › menu-and-cart.spec.ts:136:7 › Menu and Cart Functionality › should proceed to checkout with items in cart 

    Error: browserContext.newPage: Unknown permission: clipboard-write

    attachment #1: screenshot (image/png) ──────────────────────────────────────────────────────────
    test-results/menu-and-cart-Menu-and-Car-9c87f-checkout-with-items-in-cart-Mobile-Safari/test-failed-1.png
    ────────────────────────────────────────────────────────────────────────────────────────────────
]]>
</failure>
<system-out>
<![CDATA[
[[ATTACHMENT|menu-and-cart-Menu-and-Car-9c87f-checkout-with-items-in-cart-Mobile-Safari/test-failed-1.png]]
]]>
</system-out>
</testcase>
<testcase name="Menu and Cart Functionality › should show empty cart message when no items" classname="menu-and-cart.spec.ts" time="0.643">
<failure message="menu-and-cart.spec.ts:160:7 should show empty cart message when no items" type="FAILURE">
<![CDATA[  [Mobile Safari] › menu-and-cart.spec.ts:160:7 › Menu and Cart Functionality › should show empty cart message when no items 

    Error: browserContext.newPage: Unknown permission: clipboard-write

    attachment #1: screenshot (image/png) ──────────────────────────────────────────────────────────
    test-results/menu-and-cart-Menu-and-Car-6018b--cart-message-when-no-items-Mobile-Safari/test-failed-1.png
    ────────────────────────────────────────────────────────────────────────────────────────────────
]]>
</failure>
<system-out>
<![CDATA[
[[ATTACHMENT|menu-and-cart-Menu-and-Car-6018b--cart-message-when-no-items-Mobile-Safari/test-failed-1.png]]
]]>
</system-out>
</testcase>
</testsuite>
<testsuite name="safari-payment.spec.ts" timestamp="2025-06-24T20:04:12.411Z" hostname="Mobile Safari" tests="7" failures="7" skipped="0" time="3.751" errors="0">
<testcase name="Safari Payment Success Flow › should detect Safari browser correctly" classname="safari-payment.spec.ts" time="0.654">
<failure message="safari-payment.spec.ts:42:7 should detect Safari browser correctly" type="FAILURE">
<![CDATA[  [Mobile Safari] › safari-payment.spec.ts:42:7 › Safari Payment Success Flow › should detect Safari browser correctly 

    Error: browserContext.newPage: Unknown permission: clipboard-write

    attachment #1: screenshot (image/png) ──────────────────────────────────────────────────────────
    test-results/safari-payment-Safari-Paym-cd158-ct-Safari-browser-correctly-Mobile-Safari/test-failed-1.png
    ────────────────────────────────────────────────────────────────────────────────────────────────
]]>
</failure>
<system-out>
<![CDATA[
[[ATTACHMENT|safari-payment-Safari-Paym-cd158-ct-Safari-browser-correctly-Mobile-Safari/test-failed-1.png]]
]]>
</system-out>
</testcase>
<testcase name="Safari Payment Success Flow › should handle Safari payment redirect correctly" classname="safari-payment.spec.ts" time="0.666">
<failure message="safari-payment.spec.ts:55:7 should handle Safari payment redirect correctly" type="FAILURE">
<![CDATA[  [Mobile Safari] › safari-payment.spec.ts:55:7 › Safari Payment Success Flow › should handle Safari payment redirect correctly 

    Error: browserContext.newPage: Unknown permission: clipboard-write

    attachment #1: screenshot (image/png) ──────────────────────────────────────────────────────────
    test-results/safari-payment-Safari-Paym-1f55b--payment-redirect-correctly-Mobile-Safari/test-failed-1.png
    ────────────────────────────────────────────────────────────────────────────────────────────────
]]>
</failure>
<system-out>
<![CDATA[
[[ATTACHMENT|safari-payment-Safari-Paym-1f55b--payment-redirect-correctly-Mobile-Safari/test-failed-1.png]]
]]>
</system-out>
</testcase>
<testcase name="Safari Payment Success Flow › should show Safari success banner on payment completion" classname="safari-payment.spec.ts" time="0.706">
<failure message="safari-payment.spec.ts:114:7 should show Safari success banner on payment completion" type="FAILURE">
<![CDATA[  [Mobile Safari] › safari-payment.spec.ts:114:7 › Safari Payment Success Flow › should show Safari success banner on payment completion 

    Error: browserContext.newPage: Unknown permission: clipboard-write

    attachment #1: screenshot (image/png) ──────────────────────────────────────────────────────────
    test-results/safari-payment-Safari-Paym-9ef70-anner-on-payment-completion-Mobile-Safari/test-failed-1.png
    ────────────────────────────────────────────────────────────────────────────────────────────────
]]>
</failure>
<system-out>
<![CDATA[
[[ATTACHMENT|safari-payment-Safari-Paym-9ef70-anner-on-payment-completion-Mobile-Safari/test-failed-1.png]]
]]>
</system-out>
</testcase>
<testcase name="Safari Payment Success Flow › should retrieve order details from URL parameters in Safari" classname="safari-payment.spec.ts" time="0.662">
<failure message="safari-payment.spec.ts:146:7 should retrieve order details from URL parameters in Safari" type="FAILURE">
<![CDATA[  [Mobile Safari] › safari-payment.spec.ts:146:7 › Safari Payment Success Flow › should retrieve order details from URL parameters in Safari 

    Error: browserContext.newPage: Unknown permission: clipboard-write

    attachment #1: screenshot (image/png) ──────────────────────────────────────────────────────────
    test-results/safari-payment-Safari-Paym-8156d-om-URL-parameters-in-Safari-Mobile-Safari/test-failed-1.png
    ────────────────────────────────────────────────────────────────────────────────────────────────
]]>
</failure>
<system-out>
<![CDATA[
[[ATTACHMENT|safari-payment-Safari-Paym-8156d-om-URL-parameters-in-Safari-Mobile-Safari/test-failed-1.png]]
]]>
</system-out>
</testcase>
<testcase name="Safari Payment Success Flow › should prevent automatic redirects from success page in Safari" classname="safari-payment.spec.ts" time="0.315">
<failure message="safari-payment.spec.ts:160:7 should prevent automatic redirects from success page in Safari" type="FAILURE">
<![CDATA[  [Mobile Safari] › safari-payment.spec.ts:160:7 › Safari Payment Success Flow › should prevent automatic redirects from success page in Safari 

    Error: browserContext.newPage: Unknown permission: clipboard-write

    attachment #1: screenshot (image/png) ──────────────────────────────────────────────────────────
    test-results/safari-payment-Safari-Paym-1b1db-from-success-page-in-Safari-Mobile-Safari/test-failed-1.png
    ────────────────────────────────────────────────────────────────────────────────────────────────
]]>
</failure>
<system-out>
<![CDATA[
[[ATTACHMENT|safari-payment-Safari-Paym-1b1db-from-success-page-in-Safari-Mobile-Safari/test-failed-1.png]]
]]>
</system-out>
</testcase>
<testcase name="Safari Payment Success Flow › should handle localStorage access delays in Safari" classname="safari-payment.spec.ts" time="0.374">
<failure message="safari-payment.spec.ts:181:7 should handle localStorage access delays in Safari" type="FAILURE">
<![CDATA[  [Mobile Safari] › safari-payment.spec.ts:181:7 › Safari Payment Success Flow › should handle localStorage access delays in Safari 

    Error: browserContext.newPage: Unknown permission: clipboard-write

    attachment #1: screenshot (image/png) ──────────────────────────────────────────────────────────
    test-results/safari-payment-Safari-Paym-cbe18-age-access-delays-in-Safari-Mobile-Safari/test-failed-1.png
    ────────────────────────────────────────────────────────────────────────────────────────────────
]]>
</failure>
<system-out>
<![CDATA[
[[ATTACHMENT|safari-payment-Safari-Paym-cbe18-age-access-delays-in-Safari-Mobile-Safari/test-failed-1.png]]
]]>
</system-out>
</testcase>
<testcase name="Safari Payment Success Flow › should show loading state before displaying success content" classname="safari-payment.spec.ts" time="0.374">
<failure message="safari-payment.spec.ts:209:7 should show loading state before displaying success content" type="FAILURE">
<![CDATA[  [Mobile Safari] › safari-payment.spec.ts:209:7 › Safari Payment Success Flow › should show loading state before displaying success content 

    Error: browserContext.newPage: Unknown permission: clipboard-write

    attachment #1: screenshot (image/png) ──────────────────────────────────────────────────────────
    test-results/safari-payment-Safari-Paym-d25e7--displaying-success-content-Mobile-Safari/test-failed-1.png
    ────────────────────────────────────────────────────────────────────────────────────────────────
]]>
</failure>
<system-out>
<![CDATA[
[[ATTACHMENT|safari-payment-Safari-Paym-d25e7--displaying-success-content-Mobile-Safari/test-failed-1.png]]
]]>
</system-out>
</testcase>
</testsuite>
</testsuites>